

*******************************************************************************
Sun Jan 24 18:05:48 2016


FIT:    data read from 'error.dat' using 1:2
        format = x:z
        #datapoints = 1000
        residuals are weighted equally (unit weight)

function used for fitting: g1(x)
fitted parameters initialized with current variable values



 Iteration 0
 WSSR        : 1759.88           delta(WSSR)/WSSR   : 0
 delta(WSSR) : 0                 limit for stopping : 1e-05
 lambda	  : 3.90306

initial set of free parameter values

a1              = 1
b1              = 1

After 4 iterations the fit converged.
final sum of squares of residuals : 0.000187903
rel. change during last iteration : -2.24643e-06

degrees of freedom    (FIT_NDF)                        : 998
rms of residuals      (FIT_STDFIT) = sqrt(WSSR/ndf)    : 0.000433911
variance of residuals (reduced chisquare) = WSSR/ndf   : 1.88279e-07

Final set of parameters            Asymptotic Standard Error
=======================            ==========================

a1              = 0.999947         +/- 3.555e-05    (0.003555%)
b1              = -0.326893        +/- 0.000193     (0.05903%)


correlation matrix of the fit parameters:

               a1     b1     
a1              1.000 
b1              0.997  1.000 


*******************************************************************************
Sun Jan 24 19:33:57 2016


FIT:    data read from 'error.dat' using 1:2
        format = x:z
        #datapoints = 100
        residuals are weighted equally (unit weight)

function used for fitting: f(x)
fitted parameters initialized with current variable values

BREAK:          no parameter specified



*******************************************************************************
Sun Jan 24 19:34:46 2016


FIT:    data read from 'error.dat' using 1:2
        format = x:z
        #datapoints = 100
        residuals are weighted equally (unit weight)

function used for fitting: f1(x)
fitted parameters initialized with current variable values



 Iteration 0
 WSSR        : 198.104           delta(WSSR)/WSSR   : 0
 delta(WSSR) : 0                 limit for stopping : 1e-05
 lambda	  : 0.817764

initial set of free parameter values

a1              = 1
b1              = 1

After 3 iterations the fit converged.
final sum of squares of residuals : 0.0344989
rel. change during last iteration : -1.15345e-07

degrees of freedom    (FIT_NDF)                        : 98
rms of residuals      (FIT_STDFIT) = sqrt(WSSR/ndf)    : 0.0187624
variance of residuals (reduced chisquare) = WSSR/ndf   : 0.000352029

Final set of parameters            Asymptotic Standard Error
=======================            ==========================

a1              = 0.900389         +/- 0.004679     (0.5196%)
b1              = -0.44867         +/- 0.002718     (0.6058%)


correlation matrix of the fit parameters:

               a1     b1     
a1              1.000 
b1              0.723  1.000 


*******************************************************************************
Sun Jan 24 19:36:13 2016


FIT:    data read from 'error.dat' using 1:2
        format = x:z
        #datapoints = 1000
        residuals are weighted equally (unit weight)

function used for fitting: f1(x)
fitted parameters initialized with current variable values



*******************************************************************************
Sun Jan 24 19:36:21 2016


FIT:    data read from 'error.dat' using 1:2
        format = x:z
        #datapoints = 1000
        residuals are weighted equally (unit weight)

function used for fitting: f1(x)
fitted parameters initialized with current variable values



 Iteration 0
 WSSR        : 1762.17           delta(WSSR)/WSSR   : 0
 delta(WSSR) : 0                 limit for stopping : 1e-05
 lambda	  : 1.86811

initial set of free parameter values

a1              = 1
b1              = 1

After 4 iterations the fit converged.
final sum of squares of residuals : 4.29296e-05
rel. change during last iteration : -1.04434e-11

degrees of freedom    (FIT_NDF)                        : 998
rms of residuals      (FIT_STDFIT) = sqrt(WSSR/ndf)    : 0.000207402
variance of residuals (reduced chisquare) = WSSR/ndf   : 4.30156e-08

Final set of parameters            Asymptotic Standard Error
=======================            ==========================

a1              = 0.998856         +/- 1.699e-05    (0.001701%)
b1              = -0.330229        +/- 4.155e-05    (0.01258%)


correlation matrix of the fit parameters:

               a1     b1     
a1              1.000 
b1              0.987  1.000 


*******************************************************************************
Mon Jan 25 11:36:42 2016


FIT:    data read from 'error.txt' using 1:2
        format = x:z
        #datapoints = 100
        residuals are weighted equally (unit weight)

function used for fitting: f(x)
fitted parameters initialized with current variable values



 Iteration 0
 WSSR        : 10.6837           delta(WSSR)/WSSR   : 0
 delta(WSSR) : 0                 limit for stopping : 1e-05
 lambda	  : 2.551

initial set of free parameter values

a               = 1
b               = 1e-30

After 3 iterations the fit converged.
final sum of squares of residuals : 0.632915
rel. change during last iteration : -9.82319e-13

degrees of freedom    (FIT_NDF)                        : 98
rms of residuals      (FIT_STDFIT) = sqrt(WSSR/ndf)    : 0.0803637
variance of residuals (reduced chisquare) = WSSR/ndf   : 0.00645832

BREAK:          Singular matrix in Invert_RtR



*******************************************************************************
Mon Jan 25 11:37:12 2016


FIT:    data read from 'error.txt' using 1:2
        format = x:z
        #datapoints = 100
        residuals are weighted equally (unit weight)

function used for fitting: f(x)
fitted parameters initialized with current variable values



 Iteration 0
 WSSR        : 176.056           delta(WSSR)/WSSR   : 0
 delta(WSSR) : 0                 limit for stopping : 1e-05
 lambda	  : 2.64718

initial set of free parameter values

a               = 1
b               = 1

After 4 iterations the fit converged.
final sum of squares of residuals : 6.12885e-06
rel. change during last iteration : -1.20579e-06

degrees of freedom    (FIT_NDF)                        : 98
rms of residuals      (FIT_STDFIT) = sqrt(WSSR/ndf)    : 0.000250079
variance of residuals (reduced chisquare) = WSSR/ndf   : 6.25393e-08

Final set of parameters            Asymptotic Standard Error
=======================            ==========================

a               = 0.999642         +/- 2.859e-05    (0.00286%)
b               = -0.328112        +/- 0.0001031    (0.03143%)


correlation matrix of the fit parameters:

               a      b      
a               1.000 
b               0.970  1.000 


*******************************************************************************
Mon Jan 25 11:41:38 2016


FIT:    data read from 'error.txt' using 1:3
        format = x:z
        #datapoints = 100
        residuals are weighted equally (unit weight)

function used for fitting: f(x)
fitted parameters initialized with current variable values



 Iteration 0
 WSSR        : 1601.61           delta(WSSR)/WSSR   : 0
 delta(WSSR) : 0                 limit for stopping : 1e-05
 lambda	  : 2.64718

initial set of free parameter values

a               = 0.999642
b               = -0.328112

After 4 iterations the fit converged.
final sum of squares of residuals : 0.195398
rel. change during last iteration : -4.05685e-13

degrees of freedom    (FIT_NDF)                        : 98
rms of residuals      (FIT_STDFIT) = sqrt(WSSR/ndf)    : 0.0446526
variance of residuals (reduced chisquare) = WSSR/ndf   : 0.00199386

Final set of parameters            Asymptotic Standard Error
=======================            ==========================

a               = 1.99907          +/- 0.005105     (0.2554%)
b               = -0.73521         +/- 0.01842      (2.505%)


correlation matrix of the fit parameters:

               a      b      
a               1.000 
b               0.970  1.000 
